Using pre-set license
Built from '2021.3/staging' branch; Version is '2021.3.9f1 (ad3870b89536) revision 11352176'; Using compiler version '192829333'; Build Type 'Release'
OS: 'Windows 10  (10.0.19043) 64bit Professional' Language: 'ru' Physical Memory: 24496 MB
BatchMode: 1, IsHumanControllingUs: 0, StartBugReporterOnCrash: 0, Is64bit: 1, IsPro: 1

COMMAND LINE ARGUMENTS:
C:\Program Files\Unity\Hub\Editor\2021.3.9f1\Editor\Unity.exe
-adb2
-batchMode
-noUpm
-name
AssetImportWorker0
-projectPath
E:/Unitygame/1,11
-logFile
Logs/AssetImportWorker0.log
-srvPort
55585
Successfully changed project path to: E:/Unitygame/1,11
E:/Unitygame/1,11
[UnityMemory] Configuration Parameters - Can be set up in boot.config
    "memorysetup-bucket-allocator-granularity=16"
    "memorysetup-bucket-allocator-bucket-count=8"
    "memorysetup-bucket-allocator-block-size=33554432"
    "memorysetup-bucket-allocator-block-count=8"
    "memorysetup-main-allocator-block-size=16777216"
    "memorysetup-thread-allocator-block-size=16777216"
    "memorysetup-gfx-main-allocator-block-size=16777216"
    "memorysetup-gfx-thread-allocator-block-size=16777216"
    "memorysetup-cache-allocator-block-size=4194304"
    "memorysetup-typetree-allocator-block-size=2097152"
    "memorysetup-profiler-bucket-allocator-granularity=16"
    "memorysetup-profiler-bucket-allocator-bucket-count=8"
    "memorysetup-profiler-bucket-allocator-block-size=33554432"
    "memorysetup-profiler-bucket-allocator-block-count=8"
    "memorysetup-profiler-allocator-block-size=16777216"
    "memorysetup-profiler-editor-allocator-block-size=1048576"
    "memorysetup-temp-allocator-size-main=16777216"
    "memorysetup-job-temp-allocator-block-size=2097152"
    "memorysetup-job-temp-allocator-block-size-background=1048576"
    "memorysetup-job-temp-allocator-reduction-small-platforms=262144"
    "memorysetup-temp-allocator-size-background-worker=32768"
    "memorysetup-temp-allocator-size-job-worker=262144"
    "memorysetup-temp-allocator-size-preload-manager=33554432"
    "memorysetup-temp-allocator-size-nav-mesh-worker=65536"
    "memorysetup-temp-allocator-size-audio-worker=65536"
    "memorysetup-temp-allocator-size-cloud-worker=32768"
    "memorysetup-temp-allocator-size-gi-baking-worker=262144"
    "memorysetup-temp-allocator-size-gfx=262144"
Refreshing native plugins compatible for Editor in 146.18 ms, found 3 plugins.
Preloading 0 native plugins for Editor in 0.00 ms.
Initialize engine version: 2021.3.9f1 (ad3870b89536)
[Subsystems] Discovering subsystems at path C:/Program Files/Unity/Hub/Editor/2021.3.9f1/Editor/Data/Resources/UnitySubsystems
[Subsystems] Discovering subsystems at path E:/Unitygame/1,11/Assets
GfxDevice: creating device client; threaded=0; jobified=0
Direct3D:
    Version:  Direct3D 11.0 [level 11.1]
    Renderer: NVIDIA GeForce GTX 1080 (ID=0x1b80)
    Vendor:   NVIDIA
    VRAM:     8079 MB
    Driver:   30.0.15.1215
Initialize mono
Mono path[0] = 'C:/Program Files/Unity/Hub/Editor/2021.3.9f1/Editor/Data/Managed'
Mono path[1] = 'C:/Program Files/Unity/Hub/Editor/2021.3.9f1/Editor/Data/MonoBleedingEdge/lib/mono/unityjit-win32'
Mono config path = 'C:/Program Files/Unity/Hub/Editor/2021.3.9f1/Editor/Data/MonoBleedingEdge/etc'
Using monoOptions --debugger-agent=transport=dt_socket,embedding=1,server=y,suspend=n,address=127.0.0.1:56584
Begin MonoManager ReloadAssembly
Registering precompiled unity dll's ...
Register platform support module: C:/Program Files/Unity/Hub/Editor/2021.3.9f1/Editor/Data/PlaybackEngines/WindowsStandaloneSupport/UnityEditor.WindowsStandalone.Extensions.dll
Registered in 0.011171 seconds.
Native extension for WindowsStandalone target not found
Refreshing native plugins compatible for Editor in 135.05 ms, found 3 plugins.
Preloading 0 native plugins for Editor in 0.00 ms.
Mono: successfully reloaded assembly
- Completed reload, in  0.846 seconds
Domain Reload Profiling:
	ReloadAssembly (847ms)
		BeginReloadAssembly (99ms)
			ExecutionOrderSort (0ms)
			DisableScriptedObjects (0ms)
			BackupInstance (0ms)
			ReleaseScriptingObjects (0ms)
			CreateAndSetChildDomain (1ms)
		EndReloadAssembly (591ms)
			LoadAssemblies (96ms)
			RebuildTransferFunctionScriptingTraits (0ms)
			SetupTypeCache (136ms)
			ReleaseScriptCaches (0ms)
			RebuildScriptCaches (36ms)
			SetupLoadedEditorAssemblies (352ms)
				LogAssemblyErrors (0ms)
				InitializePlatformSupportModulesInManaged (11ms)
				SetLoadedEditorAssemblies (0ms)
				RefreshPlugins (135ms)
				BeforeProcessingInitializeOnLoad (2ms)
				ProcessInitializeOnLoadAttributes (149ms)
				ProcessInitializeOnLoadMethodAttributes (56ms)
				AfterProcessingInitializeOnLoad (0ms)
				EditorAssembliesLoaded (0ms)
			ExecutionOrderSort2 (0ms)
			AwakeInstancesAfterBackupRestoration (0ms)
Platform modules already initialized, skipping
Registering precompiled user dll's ...
Registered in 0.005732 seconds.
Begin MonoManager ReloadAssembly
Symbol file LoadedFromMemory doesn't match image E:\Unitygame\1,11\Library\PackageCache\com.unity.visualscripting@1.7.8\Editor\VisualScripting.Core\Dependencies\YamlDotNet\Unity.VisualScripting.YamlDotNet.dll
Symbol file LoadedFromMemory doesn't match image E:\Unitygame\1,11\Library\PackageCache\com.unity.visualscripting@1.7.8\Editor\VisualScripting.Core\Dependencies\DotNetZip\Unity.VisualScripting.IonicZip.dll
Native extension for WindowsStandalone target not found
Refreshing native plugins compatible for Editor in 128.01 ms, found 3 plugins.
Preloading 0 native plugins for Editor in 0.00 ms.
Mono: successfully reloaded assembly
- Completed reload, in  1.626 seconds
Domain Reload Profiling:
	ReloadAssembly (1627ms)
		BeginReloadAssembly (143ms)
			ExecutionOrderSort (0ms)
			DisableScriptedObjects (7ms)
			BackupInstance (0ms)
			ReleaseScriptingObjects (0ms)
			CreateAndSetChildDomain (23ms)
		EndReloadAssembly (1321ms)
			LoadAssemblies (108ms)
			RebuildTransferFunctionScriptingTraits (0ms)
			SetupTypeCache (397ms)
			ReleaseScriptCaches (1ms)
			RebuildScriptCaches (71ms)
			SetupLoadedEditorAssemblies (698ms)
				LogAssemblyErrors (0ms)
				InitializePlatformSupportModulesInManaged (6ms)
				SetLoadedEditorAssemblies (0ms)
				RefreshPlugins (128ms)
				BeforeProcessingInitializeOnLoad (140ms)
				ProcessInitializeOnLoadAttributes (307ms)
				ProcessInitializeOnLoadMethodAttributes (108ms)
				AfterProcessingInitializeOnLoad (10ms)
				EditorAssembliesLoaded (0ms)
			ExecutionOrderSort2 (0ms)
			AwakeInstancesAfterBackupRestoration (7ms)
Platform modules already initialized, skipping
========================================================================
Worker process is ready to serve import requests
Launched and connected shader compiler UnityShaderCompiler.exe after 0.06 seconds
Refreshing native plugins compatible for Editor in 1.68 ms, found 3 plugins.
Preloading 0 native plugins for Editor in 0.00 ms.
Unloading 5162 Unused Serialized files (Serialized files now loaded: 0)
Unloading 37 unused Assets / (0.7 MB). Loaded Objects now: 5611.
Memory consumption went from 199.9 MB to 199.2 MB.
Total: 7.849000 ms (FindLiveObjects: 0.722400 ms CreateObjectMapping: 0.573100 ms MarkObjects: 5.984900 ms  DeleteObjects: 0.567000 ms)

AssetImportParameters requested are different than current active one (requested -> active):
  custom:video-decoder-ogg-theora: a1e56fd34408186e4bbccfd4996cb3dc -> 
  custom:container-muxer-webm: aa71ff27fc2769a1b78a27578f13a17b -> 
  custom:container-demuxer-webm: 4f35f7cbe854078d1ac9338744f61a02 -> 
  custom:video-encoder-webm-vp8: eb34c28f22e8b96e1ab97ce403110664 -> 
  custom:audio-encoder-webm-vorbis: bf7c407c2cedff20999df2af8eb42d56 -> 
  custom:framework-win-MediaFoundation: 216162199b28c13a410421893ffa2e32 -> 
  custom:container-demuxer-ogg: 62fdf1f143b41e24485cea50d1cbac27 -> 
  custom:video-decoder-webm-vp8: 9c59270c3fd7afecdb556c50c9e8de78 -> 
  custom:audio-decoder-ogg-vorbis: bf7c407c2cedff20999df2af8eb42d56 -> 
========================================================================
Received Import Request.
  Time since last request: 215634.930621 seconds.
  path: Assets/New Folder
  artifactKey: Guid(b358e629821592d46a612bc89c136f4f) Importer(815301076,1909f56bfc062723c751e8b465ee728b)
Start importing Assets/New Folder using Guid(b358e629821592d46a612bc89c136f4f) Importer(815301076,1909f56bfc062723c751e8b465ee728b)  -> (artifact id: 'd4d70b48bcc86d3bd480dd3d98cb9483') in 0.010095 seconds 
========================================================================
Received Import Request.
  Time since last request: 26.489187 seconds.
  path: Assets/Sheder
  artifactKey: Guid(b358e629821592d46a612bc89c136f4f) Importer(815301076,1909f56bfc062723c751e8b465ee728b)
Start importing Assets/Sheder using Guid(b358e629821592d46a612bc89c136f4f) Importer(815301076,1909f56bfc062723c751e8b465ee728b)  -> (artifact id: '3a958c4c60acc4e6831a634c835c6bc7') in 0.001320 seconds 
========================================================================
Received Import Request.
  Time since last request: 182.250462 seconds.
  path: Assets/Sheder/New Universal Render Pipeline Asset.asset
  artifactKey: Guid(9fd11630436ff6f40b5d3eac4afda4dc) Importer(815301076,1909f56bfc062723c751e8b465ee728b)
Start importing Assets/Sheder/New Universal Render Pipeline Asset.asset using Guid(9fd11630436ff6f40b5d3eac4afda4dc) Importer(815301076,1909f56bfc062723c751e8b465ee728b)  -> (artifact id: '99c60f40214fcecc11b558e8fb9906e6') in 0.089058 seconds 
========================================================================
Received Import Request.
  Time since last request: 107.399498 seconds.
  path: Assets/UniversalRenderPipelineGlobalSettings.asset
  artifactKey: Guid(f9c7b34601d732a48b68de2151f8020d) Importer(815301076,1909f56bfc062723c751e8b465ee728b)
Start importing Assets/UniversalRenderPipelineGlobalSettings.asset using Guid(f9c7b34601d732a48b68de2151f8020d) Importer(815301076,1909f56bfc062723c751e8b465ee728b)  -> (artifact id: 'f3852949379219217dad1f56402a9f2c') in 0.004800 seconds 
========================================================================
Received Import Request.
  Time since last request: 9.231933 seconds.
  path: Assets/UniversalRenderPipelineGlobalSettings 1.asset
  artifactKey: Guid(37731c99a4bc12b4090952ef8efae1cd) Importer(815301076,1909f56bfc062723c751e8b465ee728b)
Start importing Assets/UniversalRenderPipelineGlobalSettings 1.asset using Guid(37731c99a4bc12b4090952ef8efae1cd) Importer(815301076,1909f56bfc062723c751e8b465ee728b)  -> (artifact id: '937b369f136e5ab7b602576cb867699a') in 0.003893 seconds 
========================================================================
Received Import Request.
  Time since last request: 13.766462 seconds.
  path: Assets/Sheder/New Universal Render Pipeline Asset_Renderer.asset
  artifactKey: Guid(59394e7b900495b459d4ee8e74925187) Importer(815301076,1909f56bfc062723c751e8b465ee728b)
Start importing Assets/Sheder/New Universal Render Pipeline Asset_Renderer.asset using Guid(59394e7b900495b459d4ee8e74925187) Importer(815301076,1909f56bfc062723c751e8b465ee728b)  -> (artifact id: 'e614d319b3563298cd5e3e3edd1591f4') in 0.022963 seconds 
========================================================================
Received Prepare
Switching render pipeline 00000000000000000000000000000000 -> 9fd11630436ff6f40b5d3eac4afda4dc
Refreshing native plugins compatible for Editor in 5.27 ms, found 3 plugins.
Preloading 0 native plugins for Editor in 0.00 ms.
Unloading 78 Unused Serialized files (Serialized files now loaded: 0)
Unloading 30 unused Assets / (0.7 MB). Loaded Objects now: 5660.
Memory consumption went from 95.1 MB to 94.4 MB.
Total: 5.673900 ms (FindLiveObjects: 0.609100 ms CreateObjectMapping: 0.378200 ms MarkObjects: 4.305700 ms  DeleteObjects: 0.379800 ms)

AssetImportParameters requested are different than current active one (requested -> active):
  custom:video-decoder-ogg-theora: a1e56fd34408186e4bbccfd4996cb3dc -> 
  custom:container-muxer-webm: aa71ff27fc2769a1b78a27578f13a17b -> 
  custom:container-demuxer-webm: 4f35f7cbe854078d1ac9338744f61a02 -> 
  custom:video-encoder-webm-vp8: eb34c28f22e8b96e1ab97ce403110664 -> 
  custom:audio-encoder-webm-vorbis: bf7c407c2cedff20999df2af8eb42d56 -> 
  custom:framework-win-MediaFoundation: 216162199b28c13a410421893ffa2e32 -> 
  custom:container-demuxer-ogg: 62fdf1f143b41e24485cea50d1cbac27 -> 
  custom:video-decoder-webm-vp8: 9c59270c3fd7afecdb556c50c9e8de78 -> 
  custom:audio-decoder-ogg-vorbis: bf7c407c2cedff20999df2af8eb42d56 -> 
========================================================================
Received Import Request.
  Time since last request: 167.158951 seconds.
  path: Assets/Sheder/New Universal Render Pipeline Asset.asset
  artifactKey: Guid(9fd11630436ff6f40b5d3eac4afda4dc) Importer(815301076,1909f56bfc062723c751e8b465ee728b)
Start importing Assets/Sheder/New Universal Render Pipeline Asset.asset using Guid(9fd11630436ff6f40b5d3eac4afda4dc) Importer(815301076,1909f56bfc062723c751e8b465ee728b)  -> (artifact id: '6dd136e7ba72129d3c50277292d30b8c') in 0.008320 seconds 
========================================================================
Received Prepare
Switching render pipeline 9fd11630436ff6f40b5d3eac4afda4dc -> 00000000000000000000000000000000
Refreshing native plugins compatible for Editor in 5.12 ms, found 3 plugins.
Preloading 0 native plugins for Editor in 0.00 ms.
Unloading 31 Unused Serialized files (Serialized files now loaded: 0)
Unloading 79 unused Assets / (0.7 MB). Loaded Objects now: 5612.
Memory consumption went from 93.6 MB to 92.9 MB.
Total: 5.788200 ms (FindLiveObjects: 0.470300 ms CreateObjectMapping: 0.279800 ms MarkObjects: 4.029200 ms  DeleteObjects: 1.007800 ms)

AssetImportParameters requested are different than current active one (requested -> active):
  custom:video-decoder-ogg-theora: a1e56fd34408186e4bbccfd4996cb3dc -> 
  custom:container-muxer-webm: aa71ff27fc2769a1b78a27578f13a17b -> 
  custom:container-demuxer-webm: 4f35f7cbe854078d1ac9338744f61a02 -> 
  custom:video-encoder-webm-vp8: eb34c28f22e8b96e1ab97ce403110664 -> 
  custom:audio-encoder-webm-vorbis: bf7c407c2cedff20999df2af8eb42d56 -> 
  custom:framework-win-MediaFoundation: 216162199b28c13a410421893ffa2e32 -> 
  custom:container-demuxer-ogg: 62fdf1f143b41e24485cea50d1cbac27 -> 
  custom:video-decoder-webm-vp8: 9c59270c3fd7afecdb556c50c9e8de78 -> 
  custom:audio-decoder-ogg-vorbis: bf7c407c2cedff20999df2af8eb42d56 -> 
========================================================================
Received Prepare
Refreshing native plugins compatible for Editor in 5.11 ms, found 3 plugins.
Preloading 0 native plugins for Editor in 0.00 ms.
Unloading 78 Unused Serialized files (Serialized files now loaded: 0)
Unloading 30 unused Assets / (0.7 MB). Loaded Objects now: 5660.
Memory consumption went from 95.1 MB to 94.4 MB.
Total: 5.382200 ms (FindLiveObjects: 0.458700 ms CreateObjectMapping: 0.275900 ms MarkObjects: 4.265300 ms  DeleteObjects: 0.381400 ms)

AssetImportParameters requested are different than current active one (requested -> active):
  custom:video-decoder-ogg-theora: a1e56fd34408186e4bbccfd4996cb3dc -> 
  custom:container-muxer-webm: aa71ff27fc2769a1b78a27578f13a17b -> 
  custom:container-demuxer-webm: 4f35f7cbe854078d1ac9338744f61a02 -> 
  custom:video-encoder-webm-vp8: eb34c28f22e8b96e1ab97ce403110664 -> 
  custom:audio-encoder-webm-vorbis: bf7c407c2cedff20999df2af8eb42d56 -> 
  custom:framework-win-MediaFoundation: 216162199b28c13a410421893ffa2e32 -> 
  custom:container-demuxer-ogg: 62fdf1f143b41e24485cea50d1cbac27 -> 
  custom:video-decoder-webm-vp8: 9c59270c3fd7afecdb556c50c9e8de78 -> 
  custom:audio-decoder-ogg-vorbis: bf7c407c2cedff20999df2af8eb42d56 -> 
========================================================================
Received Import Request.
  Time since last request: 298.889072 seconds.
  path: Assets/sector_helix_jump.fbx
  artifactKey: Guid(747c210a8a3f4d64ca24ed93b67e70df) Importer(815301076,1909f56bfc062723c751e8b465ee728b)
Start importing Assets/sector_helix_jump.fbx using Guid(747c210a8a3f4d64ca24ed93b67e70df) Importer(815301076,1909f56bfc062723c751e8b465ee728b)  -> (artifact id: 'e068db357039f20ceda0691ea9d52ecf') in 1.700072 seconds 
========================================================================
Received Import Request.
  Time since last request: 55.954874 seconds.
  path: Assets/Prefabs/E 3.prefab
  artifactKey: Guid(54faea53af173da42bdaa34502f60a71) Importer(815301076,1909f56bfc062723c751e8b465ee728b)
Start importing Assets/Prefabs/E 3.prefab using Guid(54faea53af173da42bdaa34502f60a71) Importer(815301076,1909f56bfc062723c751e8b465ee728b)  -> (artifact id: '05ba0918ded18f39d722d178087a5d08') in 0.020598 seconds 
========================================================================
Received Import Request.
  Time since last request: 0.001278 seconds.
  path: Assets/Prefabs/Platform Variant 2.prefab
  artifactKey: Guid(a31306cc7ec70704b8f21568713a31e9) Importer(815301076,1909f56bfc062723c751e8b465ee728b)
Start importing Assets/Prefabs/Platform Variant 2.prefab using Guid(a31306cc7ec70704b8f21568713a31e9) Importer(815301076,1909f56bfc062723c751e8b465ee728b)  -> (artifact id: '130eb0fcc550d9833c0b35e19224a362') in 0.013207 seconds 
========================================================================
Received Import Request.
  Time since last request: 0.000034 seconds.
  path: Assets/TextMesh Pro/Examples & Extras/Prefabs/Text Popup.prefab
  artifactKey: Guid(b06f0e6c1dfa4356ac918da1bb32c603) Importer(815301076,1909f56bfc062723c751e8b465ee728b)
Start importing Assets/TextMesh Pro/Examples & Extras/Prefabs/Text Popup.prefab using Guid(b06f0e6c1dfa4356ac918da1bb32c603) Importer(815301076,1909f56bfc062723c751e8b465ee728b)  -> (artifact id: 'aafde2fd030ceb873156e0186c85f83a') in 0.051981 seconds 
========================================================================
Received Import Request.
  Time since last request: 0.000025 seconds.
  path: Assets/Prefabs/Platform Variant.prefab
  artifactKey: Guid(a4cae4c6ae11fff4389c02c41ac3b6e9) Importer(815301076,1909f56bfc062723c751e8b465ee728b)
Start importing Assets/Prefabs/Platform Variant.prefab using Guid(a4cae4c6ae11fff4389c02c41ac3b6e9) Importer(815301076,1909f56bfc062723c751e8b465ee728b)  -> (artifact id: '99ea4ad80071b9f106d0bb81e65981ac') in 0.011140 seconds 
========================================================================
Received Import Request.
  Time since last request: 0.000028 seconds.
  path: Assets/Prefabs/PlatformFinish.prefab
  artifactKey: Guid(843986c940f92254287da43fe1f9d837) Importer(815301076,1909f56bfc062723c751e8b465ee728b)
Start importing Assets/Prefabs/PlatformFinish.prefab using Guid(843986c940f92254287da43fe1f9d837) Importer(815301076,1909f56bfc062723c751e8b465ee728b)  -> (artifact id: 'df5e96266ea7ef7d476b9f3702430447') in 0.013891 seconds 
========================================================================
Received Import Request.
  Time since last request: 0.000029 seconds.
  path: Assets/Prefabs/Platform Variant 1.prefab
  artifactKey: Guid(1a8ae4d69af107c4ba1b1815a480c5a7) Importer(815301076,1909f56bfc062723c751e8b465ee728b)
Start importing Assets/Prefabs/Platform Variant 1.prefab using Guid(1a8ae4d69af107c4ba1b1815a480c5a7) Importer(815301076,1909f56bfc062723c751e8b465ee728b)  -> (artifact id: '1f3a6e494e5de181578062a63d9a6f1b') in 0.013562 seconds 
========================================================================
Received Import Request.
  Time since last request: 0.000044 seconds.
  path: Assets/Prefabs/sector.prefab
  artifactKey: Guid(fb4aacf780c16af41a6f37c7c9ec9747) Importer(815301076,1909f56bfc062723c751e8b465ee728b)
Start importing Assets/Prefabs/sector.prefab using Guid(fb4aacf780c16af41a6f37c7c9ec9747) Importer(815301076,1909f56bfc062723c751e8b465ee728b)  -> (artifact id: 'def13dbe6355e993124e3a488f862514') in 0.010229 seconds 
========================================================================
Received Import Request.
  Time since last request: 1.418822 seconds.
  path: Assets/TextMesh Pro/Examples & Extras/Prefabs/TextMeshPro - Prefab 1.prefab
  artifactKey: Guid(a6e39ced0ea046bcb636c3f0b2e2a745) Importer(815301076,1909f56bfc062723c751e8b465ee728b)
Start importing Assets/TextMesh Pro/Examples & Extras/Prefabs/TextMeshPro - Prefab 1.prefab using Guid(a6e39ced0ea046bcb636c3f0b2e2a745) Importer(815301076,1909f56bfc062723c751e8b465ee728b)  -> (artifact id: 'd8d61668894f59664c66a7146071bcc8') in 0.029636 seconds 
========================================================================
Received Import Request.
  Time since last request: 2.342390 seconds.
  path: Assets/Prefabs/E 1.prefab
  artifactKey: Guid(19d0c217fa153bb4e829e240aba9d3e0) Importer(815301076,1909f56bfc062723c751e8b465ee728b)
Start importing Assets/Prefabs/E 1.prefab using Guid(19d0c217fa153bb4e829e240aba9d3e0) Importer(815301076,1909f56bfc062723c751e8b465ee728b)  -> (artifact id: 'cbb8e63d285907ca8060f2f15c3b2907') in 0.011384 seconds 
========================================================================
Received Import Request.
  Time since last request: 0.513740 seconds.
  path: Assets/Prefabs/E.prefab
  artifactKey: Guid(a3e6d009f0fb3dd42b7ddda945078b67) Importer(815301076,1909f56bfc062723c751e8b465ee728b)
Start importing Assets/Prefabs/E.prefab using Guid(a3e6d009f0fb3dd42b7ddda945078b67) Importer(815301076,1909f56bfc062723c751e8b465ee728b)  -> (artifact id: 'e4d8e1903b7d9f824c773ae516e9c3d5') in 0.011526 seconds 
========================================================================
Received Prepare
Switching render pipeline 9fd11630436ff6f40b5d3eac4afda4dc -> 00000000000000000000000000000000
Refreshing native plugins compatible for Editor in 4.68 ms, found 3 plugins.
Preloading 0 native plugins for Editor in 0.00 ms.
Unloading 29 Unused Serialized files (Serialized files now loaded: 0)
Unloading 31 unused Assets / (0.7 MB). Loaded Objects now: 5784.
Memory consumption went from 101.1 MB to 100.3 MB.
Total: 5.351900 ms (FindLiveObjects: 0.468100 ms CreateObjectMapping: 0.279300 ms MarkObjects: 4.199400 ms  DeleteObjects: 0.404400 ms)

AssetImportParameters requested are different than current active one (requested -> active):
  custom:video-decoder-ogg-theora: a1e56fd34408186e4bbccfd4996cb3dc -> 
  custom:container-muxer-webm: aa71ff27fc2769a1b78a27578f13a17b -> 
  custom:container-demuxer-webm: 4f35f7cbe854078d1ac9338744f61a02 -> 
  custom:video-encoder-webm-vp8: eb34c28f22e8b96e1ab97ce403110664 -> 
  custom:audio-encoder-webm-vorbis: bf7c407c2cedff20999df2af8eb42d56 -> 
  custom:framework-win-MediaFoundation: 216162199b28c13a410421893ffa2e32 -> 
  custom:container-demuxer-ogg: 62fdf1f143b41e24485cea50d1cbac27 -> 
  custom:video-decoder-webm-vp8: 9c59270c3fd7afecdb556c50c9e8de78 -> 
  custom:audio-decoder-ogg-vorbis: bf7c407c2cedff20999df2af8eb42d56 -> 
========================================================================
Received Import Request.
  Time since last request: 153.581484 seconds.
  path: Assets/Prefabs/E 2.prefab
  artifactKey: Guid(363275636d9883f41bf86dd17e30ca0e) Importer(815301076,1909f56bfc062723c751e8b465ee728b)
Start importing Assets/Prefabs/E 2.prefab using Guid(363275636d9883f41bf86dd17e30ca0e) Importer(815301076,1909f56bfc062723c751e8b465ee728b)  -> (artifact id: '817372318dd429c1ff40a20bab0abc73') in 0.023091 seconds 
========================================================================
Received Import Request.
  Time since last request: 0.000035 seconds.
  path: Assets/Prefabs/E 3.prefab
  artifactKey: Guid(54faea53af173da42bdaa34502f60a71) Importer(815301076,1909f56bfc062723c751e8b465ee728b)
Start importing Assets/Prefabs/E 3.prefab using Guid(54faea53af173da42bdaa34502f60a71) Importer(815301076,1909f56bfc062723c751e8b465ee728b)  -> (artifact id: 'f595778fcb72bb0aa62dcf07933b1127') in 0.016213 seconds 
========================================================================
Received Import Request.
  Time since last request: 0.000031 seconds.
  path: Assets/Prefabs/Platform Variant 2.prefab
  artifactKey: Guid(a31306cc7ec70704b8f21568713a31e9) Importer(815301076,1909f56bfc062723c751e8b465ee728b)
Start importing Assets/Prefabs/Platform Variant 2.prefab using Guid(a31306cc7ec70704b8f21568713a31e9) Importer(815301076,1909f56bfc062723c751e8b465ee728b)  -> (artifact id: 'ff2d94536302865b31e68505f9554a02') in 0.012321 seconds 
========================================================================
Received Import Request.
  Time since last request: 0.000041 seconds.
  path: Assets/Prefabs/Platform.prefab
  artifactKey: Guid(261b9518e3873e745bea39576825f131) Importer(815301076,1909f56bfc062723c751e8b465ee728b)
Start importing Assets/Prefabs/Platform.prefab using Guid(261b9518e3873e745bea39576825f131) Importer(815301076,1909f56bfc062723c751e8b465ee728b)  -> (artifact id: 'b1701d047270a3d5a3fc4a14a58430b7') in 0.014016 seconds 
========================================================================
Received Import Request.
  Time since last request: 0.000031 seconds.
  path: Assets/Prefabs/Platform Variant.prefab
  artifactKey: Guid(a4cae4c6ae11fff4389c02c41ac3b6e9) Importer(815301076,1909f56bfc062723c751e8b465ee728b)
Start importing Assets/Prefabs/Platform Variant.prefab using Guid(a4cae4c6ae11fff4389c02c41ac3b6e9) Importer(815301076,1909f56bfc062723c751e8b465ee728b)  -> (artifact id: '480b15cbf00fd67005d2ad60e3124fac') in 0.018416 seconds 
========================================================================
Received Import Request.
  Time since last request: 0.000025 seconds.
  path: Assets/Prefabs/PlatformFinish.prefab
  artifactKey: Guid(843986c940f92254287da43fe1f9d837) Importer(815301076,1909f56bfc062723c751e8b465ee728b)
Start importing Assets/Prefabs/PlatformFinish.prefab using Guid(843986c940f92254287da43fe1f9d837) Importer(815301076,1909f56bfc062723c751e8b465ee728b)  -> (artifact id: 'a7329b42c4ce606e509f08728fa38940') in 0.020479 seconds 
========================================================================
Received Import Request.
  Time since last request: 0.000024 seconds.
  path: Assets/Prefabs/sector.prefab
  artifactKey: Guid(fb4aacf780c16af41a6f37c7c9ec9747) Importer(815301076,1909f56bfc062723c751e8b465ee728b)
Start importing Assets/Prefabs/sector.prefab using Guid(fb4aacf780c16af41a6f37c7c9ec9747) Importer(815301076,1909f56bfc062723c751e8b465ee728b)  -> (artifact id: '8c06c7b4b68013ab0b32f455752cfb97') in 0.013109 seconds 
Editor requested this worker to shutdown with reason: Scaling down because of idle timeout
AssetImportWorker is now disconnected from the server
Process exiting
Exiting without the bug reporter. Application will terminate with return code 0